<?xml version="1.0" encoding="UTF-8"?>
<testng-results skipped="0" failed="1" total="10" passed="9">
  <reporter-output>
  </reporter-output>
  <suite name="Suite" duration-ms="58879" started-at="2018-04-22T14:55:17Z" finished-at="2018-04-22T14:56:16Z">
    <groups>
    </groups>
    <test name="Validating title and User login" duration-ms="46420" started-at="2018-04-22T14:55:17Z" finished-at="2018-04-22T14:56:03Z">
      <class name="TestGroupID.TestArtifactID.homepage">
        <test-method status="PASS" signature="homepage_01_initilize()[pri:0, instance:TestGroupID.TestArtifactID.homepage@41fbdac4]" name="homepage_01_initilize" duration-ms="3372" started-at="2018-04-22T10:55:32Z" finished-at="2018-04-22T10:55:35Z">
          <reporter-output>
          </reporter-output>
        </test-method> <!-- homepage_01_initilize -->
        <test-method status="PASS" signature="homepage_02_basepagenavigation(java.lang.String, java.lang.String, java.lang.String)[pri:0, instance:TestGroupID.TestArtifactID.homepage@41fbdac4]" name="homepage_02_basepagenavigation" duration-ms="16275" started-at="2018-04-22T10:55:35Z" data-provider="getdata" finished-at="2018-04-22T10:55:51Z">
          <params>
            <param index="0">
              <value>
                <![CDATA[test@test.com]]>
              </value>
            </param>
            <param index="1">
              <value>
                <![CDATA[test]]>
              </value>
            </param>
            <param index="2">
              <value>
                <![CDATA[restrcited user]]>
              </value>
            </param>
          </params>
          <reporter-output>
          </reporter-output>
        </test-method> <!-- homepage_02_basepagenavigation -->
        <test-method status="PASS" signature="homepage_02_basepagenavigation(java.lang.String, java.lang.String, java.lang.String)[pri:0, instance:TestGroupID.TestArtifactID.homepage@41fbdac4]" name="homepage_02_basepagenavigation" duration-ms="9543" started-at="2018-04-22T10:55:51Z" data-provider="getdata" finished-at="2018-04-22T10:56:01Z">
          <params>
            <param index="0">
              <value>
                <![CDATA[test1@test.com]]>
              </value>
            </param>
            <param index="1">
              <value>
                <![CDATA[test1]]>
              </value>
            </param>
            <param index="2">
              <value>
                <![CDATA[non restrcited user]]>
              </value>
            </param>
          </params>
          <reporter-output>
          </reporter-output>
        </test-method> <!-- homepage_02_basepagenavigation -->
        <test-method status="PASS" signature="homepage_03_teardown()[pri:0, instance:TestGroupID.TestArtifactID.homepage@41fbdac4]" name="homepage_03_teardown" duration-ms="2340" started-at="2018-04-22T10:56:01Z" finished-at="2018-04-22T10:56:03Z">
          <reporter-output>
          </reporter-output>
        </test-method> <!-- homepage_03_teardown -->
      </class> <!-- TestGroupID.TestArtifactID.homepage -->
      <class name="TestGroupID.TestArtifactID.validatetitleTest">
        <test-method status="PASS" signature="validatetitle_01_initilize()[pri:0, instance:TestGroupID.TestArtifactID.validatetitleTest@76508ed1]" name="validatetitle_01_initilize" duration-ms="12215" started-at="2018-04-22T10:55:17Z" finished-at="2018-04-22T10:55:29Z">
          <reporter-output>
          </reporter-output>
        </test-method> <!-- validatetitle_01_initilize -->
        <test-method status="FAIL" signature="validatetitle_02_landingpagetextvalidation()[pri:0, instance:TestGroupID.TestArtifactID.validatetitleTest@76508ed1]" name="validatetitle_02_landingpagetextvalidation" duration-ms="62" started-at="2018-04-22T10:55:29Z" finished-at="2018-04-22T10:55:29Z">
          <exception class="java.lang.AssertionError">
            <message>
              <![CDATA[expected [Featured Cources] but found [FEATURED COURSES]]]>
            </message>
            <full-stacktrace>
              <![CDATA[java.lang.AssertionError: expected [Featured Cources] but found [FEATURED COURSES]
	at org.testng.Assert.fail(Assert.java:94)
	at org.testng.Assert.failNotEquals(Assert.java:494)
	at org.testng.Assert.assertEquals(Assert.java:123)
	at org.testng.Assert.assertEquals(Assert.java:176)
	at org.testng.Assert.assertEquals(Assert.java:186)
	at TestGroupID.TestArtifactID.validatetitleTest.validatetitle_02_landingpagetextvalidation(validatetitleTest.java:33)
	at sun.reflect.NativeMethodAccessorImpl.invoke0(Native Method)
	at sun.reflect.NativeMethodAccessorImpl.invoke(NativeMethodAccessorImpl.java:62)
	at sun.reflect.DelegatingMethodAccessorImpl.invoke(DelegatingMethodAccessorImpl.java:43)
	at java.lang.reflect.Method.invoke(Method.java:498)
	at org.testng.internal.MethodInvocationHelper.invokeMethod(MethodInvocationHelper.java:80)
	at org.testng.internal.Invoker.invokeMethod(Invoker.java:714)
	at org.testng.internal.Invoker.invokeTestMethod(Invoker.java:901)
	at org.testng.internal.Invoker.invokeTestMethods(Invoker.java:1231)
	at org.testng.internal.TestMethodWorker.invokeTestMethods(TestMethodWorker.java:127)
	at org.testng.internal.TestMethodWorker.run(TestMethodWorker.java:111)
	at org.testng.TestRunner.privateRun(TestRunner.java:767)
	at org.testng.TestRunner.run(TestRunner.java:617)
	at org.testng.SuiteRunner.runTest(SuiteRunner.java:334)
	at org.testng.SuiteRunner.runSequentially(SuiteRunner.java:329)
	at org.testng.SuiteRunner.privateRun(SuiteRunner.java:291)
	at org.testng.SuiteRunner.run(SuiteRunner.java:240)
	at org.testng.SuiteRunnerWorker.runSuite(SuiteRunnerWorker.java:52)
	at org.testng.SuiteRunnerWorker.run(SuiteRunnerWorker.java:86)
	at org.testng.TestNG.runSuitesSequentially(TestNG.java:1198)
	at org.testng.TestNG.runSuitesLocally(TestNG.java:1123)
	at org.testng.TestNG.run(TestNG.java:1031)
	at org.apache.maven.surefire.testng.TestNGExecutor.run(TestNGExecutor.java:283)
	at org.apache.maven.surefire.testng.TestNGXmlTestSuite.execute(TestNGXmlTestSuite.java:75)
	at org.apache.maven.surefire.testng.TestNGProvider.invoke(TestNGProvider.java:120)
	at org.apache.maven.surefire.booter.ForkedBooter.invokeProviderInSameClassLoader(ForkedBooter.java:379)
	at org.apache.maven.surefire.booter.ForkedBooter.runSuitesInProcess(ForkedBooter.java:340)
	at org.apache.maven.surefire.booter.ForkedBooter.execute(ForkedBooter.java:125)
	at org.apache.maven.surefire.booter.ForkedBooter.main(ForkedBooter.java:413)
]]>
            </full-stacktrace>
          </exception> <!-- java.lang.AssertionError -->
          <reporter-output>
          </reporter-output>
        </test-method> <!-- validatetitle_02_landingpagetextvalidation -->
        <test-method status="PASS" signature="validatetitle_03_teardown()[pri:0, instance:TestGroupID.TestArtifactID.validatetitleTest@76508ed1]" name="validatetitle_03_teardown" duration-ms="2093" started-at="2018-04-22T10:55:30Z" finished-at="2018-04-22T10:55:32Z">
          <reporter-output>
          </reporter-output>
        </test-method> <!-- validatetitle_03_teardown -->
      </class> <!-- TestGroupID.TestArtifactID.validatetitleTest -->
    </test> <!-- Validating title and User login -->
    <test name="Validating navbar in the Page" duration-ms="12410" started-at="2018-04-22T14:56:03Z" finished-at="2018-04-22T14:56:16Z">
      <class name="TestGroupID.TestArtifactID.validatenavbar">
        <test-method status="PASS" signature="validatenavbar_01_initilize()[pri:0, instance:TestGroupID.TestArtifactID.validatenavbar@5f058f00]" name="validatenavbar_01_initilize" duration-ms="10047" started-at="2018-04-22T10:56:03Z" finished-at="2018-04-22T10:56:13Z">
          <reporter-output>
          </reporter-output>
        </test-method> <!-- validatenavbar_01_initilize -->
        <test-method status="PASS" signature="validatenavbar_02_landingpagenavvalidation()[pri:0, instance:TestGroupID.TestArtifactID.validatenavbar@5f058f00]" name="validatenavbar_02_landingpagenavvalidation" duration-ms="37" started-at="2018-04-22T10:56:13Z" finished-at="2018-04-22T10:56:14Z">
          <reporter-output>
          </reporter-output>
        </test-method> <!-- validatenavbar_02_landingpagenavvalidation -->
        <test-method status="PASS" signature="validatenavbar_03_teardown()[pri:0, instance:TestGroupID.TestArtifactID.validatenavbar@5f058f00]" name="validatenavbar_03_teardown" duration-ms="2324" started-at="2018-04-22T10:56:14Z" finished-at="2018-04-22T10:56:16Z">
          <reporter-output>
          </reporter-output>
        </test-method> <!-- validatenavbar_03_teardown -->
      </class> <!-- TestGroupID.TestArtifactID.validatenavbar -->
    </test> <!-- Validating navbar in the Page -->
  </suite> <!-- Suite -->
</testng-results>
