<?xml version="1.0" encoding="UTF-8"?>
<!-- Generated by org.testng.reporters.JUnitXMLReporter -->
<testsuite hostname="SHASHIKIRAN8BD2" name="Validating title and User login" tests="7" failures="1" timestamp="22 Apr 2018 14:56:03 GMT" time="46.42" errors="0">
  <testcase name="validatetitle_01_initilize" time="12.215" classname="TestGroupID.TestArtifactID.validatetitleTest"/>
  <testcase name="validatetitle_02_landingpagetextvalidation" time="0.062" classname="TestGroupID.TestArtifactID.validatetitleTest">
    <failure type="java.lang.AssertionError" message="expected [Featured Cources] but found [FEATURED COURSES]">
      <![CDATA[java.lang.AssertionError: expected [Featured Cources] but found [FEATURED COURSES]
	at TestGroupID.TestArtifactID.validatetitleTest.validatetitle_02_landingpagetextvalidation(validatetitleTest.java:33)
	at org.apache.maven.surefire.testng.TestNGExecutor.run(TestNGExecutor.java:283)
	at org.apache.maven.surefire.testng.TestNGXmlTestSuite.execute(TestNGXmlTestSuite.java:75)
	at org.apache.maven.surefire.testng.TestNGProvider.invoke(TestNGProvider.java:120)
	at org.apache.maven.surefire.booter.ForkedBooter.invokeProviderInSameClassLoader(ForkedBooter.java:379)
	at org.apache.maven.surefire.booter.ForkedBooter.runSuitesInProcess(ForkedBooter.java:340)
	at org.apache.maven.surefire.booter.ForkedBooter.execute(ForkedBooter.java:125)
	at org.apache.maven.surefire.booter.ForkedBooter.main(ForkedBooter.java:413)
... Removed 26 stack frames]]>
    </failure>
  </testcase> <!-- validatetitle_02_landingpagetextvalidation -->
  <testcase name="validatetitle_03_teardown" time="2.093" classname="TestGroupID.TestArtifactID.validatetitleTest"/>
  <testcase name="homepage_01_initilize" time="3.372" classname="TestGroupID.TestArtifactID.homepage"/>
  <testcase name="homepage_02_basepagenavigation" time="16.275" classname="TestGroupID.TestArtifactID.homepage"/>
  <testcase name="homepage_02_basepagenavigation" time="9.543" classname="TestGroupID.TestArtifactID.homepage"/>
  <testcase name="homepage_03_teardown" time="2.34" classname="TestGroupID.TestArtifactID.homepage"/>
</testsuite> <!-- Validating title and User login -->
